Using pre-set license
Built from '2020.3/release' branch; Version is '2020.3.1f1 (77a89f25062f) revision 7841951'; Using compiler version '192528614'; Build Type 'Release'
OS: 'Windows 10 Pro; OS build 19041.985; Version 2004; 64bit' Language: 'en' Physical Memory: 24506 MB
BatchMode: 1, IsHumanControllingUs: 0, StartBugReporterOnCrash: 0, Is64bit: 1, IsPro: 0

 COMMAND LINE ARGUMENTS:
F:\Progam Files\UnityHub\2020.3.1f1\Editor\Unity.exe
-adb2
-batchMode
-noUpm
-name
AssetImportWorker1
-projectPath
G:/UnityProjects/alienmotion
-logFile
Logs/AssetImportWorker1.log
-srvPort
43432
Successfully changed project path to: G:/UnityProjects/alienmotion
G:/UnityProjects/alienmotion
Using Asset Import Pipeline V2.
Refreshing native plugins compatible for Editor in 23.02 ms, found 0 plugins.
Preloading 0 native plugins for Editor in 0.00 ms.
Initialize engine version: 2020.3.1f1 (77a89f25062f)
[Subsystems] Discovering subsystems at path F:/Progam Files/UnityHub/2020.3.1f1/Editor/Data/Resources/UnitySubsystems
[Subsystems] Discovering subsystems at path G:/UnityProjects/alienmotion/Assets
GfxDevice: creating device client; threaded=0
Direct3D:
    Version:  Direct3D 11.0 [level 11.1]
    Renderer: NVIDIA GeForce GTX 1070 Ti (ID=0x1b82)
    Vendor:   
    VRAM:     8079 MB
    Driver:   27.21.14.6627
Initialize mono
Mono path[0] = 'F:/Progam Files/UnityHub/2020.3.1f1/Editor/Data/Managed'
Mono path[1] = 'F:/Progam Files/UnityHub/2020.3.1f1/Editor/Data/MonoBleedingEdge/lib/mono/unityjit'
Mono config path = 'F:/Progam Files/UnityHub/2020.3.1f1/Editor/Data/MonoBleedingEdge/etc'
Using monoOptions --debugger-agent=transport=dt_socket,embedding=1,server=y,suspend=n,address=127.0.0.1:56832
Begin MonoManager ReloadAssembly
Registering precompiled unity dll's ...
Register platform support module: F:/Progam Files/UnityHub/2020.3.1f1/Editor/Data/PlaybackEngines/WebGLSupport/UnityEditor.WebGL.Extensions.dll
Register platform support module: F:/Progam Files/UnityHub/2020.3.1f1/Editor/Data/PlaybackEngines/WindowsStandaloneSupport/UnityEditor.WindowsStandalone.Extensions.dll
Registered in 0.001052 seconds.
Native extension for WindowsStandalone target not found
Native extension for WebGL target not found
Refreshing native plugins compatible for Editor in 22.62 ms, found 0 plugins.
Preloading 0 native plugins for Editor in 0.00 ms.
Invoked RoslynAnalysisRunner static constructor.
RoslynAnalysisRunner will not be running.
RoslynAnalysisRunner has terminated.
Mono: successfully reloaded assembly
- Completed reload, in  0.910 seconds
Platform modules already initialized, skipping
Registering precompiled user dll's ...
Registered in 0.000444 seconds.
Begin MonoManager ReloadAssembly
Native extension for WindowsStandalone target not found
Native extension for WebGL target not found
Refreshing native plugins compatible for Editor in 0.21 ms, found 0 plugins.
Preloading 0 native plugins for Editor in 0.00 ms.
Invoked RoslynAnalysisRunner static constructor.
RoslynAnalysisRunner will not be running.
RoslynAnalysisRunner has terminated.
Mono: successfully reloaded assembly
- Completed reload, in  0.637 seconds
Platform modules already initialized, skipping
========================================================================
Worker process is ready to serve import requests
Launched and connected shader compiler UnityShaderCompiler.exe after 0.12 seconds
Refreshing native plugins compatible for Editor in 0.20 ms, found 0 plugins.
Preloading 0 native plugins for Editor in 0.00 ms.
Unloading 1215 Unused Serialized files (Serialized files now loaded: 0)
System memory in use before: 67.3 MB.
System memory in use after: 67.4 MB.

Unloading 9 unused Assets to reduce memory usage. Loaded Objects now: 1671.
Total: 1.912600 ms (FindLiveObjects: 0.228100 ms CreateObjectMapping: 0.157600 ms MarkObjects: 1.455600 ms  DeleteObjects: 0.070100 ms)

========================================================================
Received Import Request.
  path: Assets/ChestController.cs
  artifactKey: Guid(98efb1779b44ac6408c755ced66b337a) Importer(815301076,1909f56bfc062723c751e8b465ee728b)
Start importing Assets/ChestController.cs using Guid(98efb1779b44ac6408c755ced66b337a) Importer(815301076,1909f56bfc062723c751e8b465ee728b)  -> (artifact id: '82af25094855ae9a698716a5dc79c85d') in 0.073931 seconds
  Import took 0.078023 seconds .

========================================================================
Received Import Request.
  Time since last request: 7750.418942 seconds.
  path: Assets/ChestController.cs
  artifactKey: Guid(98efb1779b44ac6408c755ced66b337a) Importer(815301076,1909f56bfc062723c751e8b465ee728b)
Start importing Assets/ChestController.cs using Guid(98efb1779b44ac6408c755ced66b337a) Importer(815301076,1909f56bfc062723c751e8b465ee728b)  -> (artifact id: 'd3663635b8e05b9479c9ca161a22db39') in 0.004919 seconds
  Import took 0.035603 seconds .

========================================================================
Received Prepare
Registering precompiled user dll's ...
Registered in 0.000626 seconds.
Begin MonoManager ReloadAssembly
Native extension for WindowsStandalone target not found
Native extension for WebGL target not found
Refreshing native plugins compatible for Editor in 0.21 ms, found 0 plugins.
Preloading 0 native plugins for Editor in 0.00 ms.
Invoked RoslynAnalysisRunner static constructor.
RoslynAnalysisRunner will not be running.
RoslynAnalysisRunner has terminated.
Mono: successfully reloaded assembly
- Completed reload, in  0.681 seconds
Platform modules already initialized, skipping
Refreshing native plugins compatible for Editor in 0.21 ms, found 0 plugins.
Preloading 0 native plugins for Editor in 0.00 ms.
Unloading 1197 Unused Serialized files (Serialized files now loaded: 0)
System memory in use before: 66.1 MB.
System memory in use after: 66.2 MB.

Unloading 4 unused Assets to reduce memory usage. Loaded Objects now: 1674.
Total: 1.217000 ms (FindLiveObjects: 0.110000 ms CreateObjectMapping: 0.029900 ms MarkObjects: 1.063200 ms  DeleteObjects: 0.012900 ms)

========================================================================
Received Import Request.
  Time since last request: 155.194988 seconds.
  path: Assets/Scenes/MainMap.unity
  artifactKey: Guid(f713a902d573e9243800d6cb9b330022) Importer(815301076,1909f56bfc062723c751e8b465ee728b)
Start importing Assets/Scenes/MainMap.unity using Guid(f713a902d573e9243800d6cb9b330022) Importer(815301076,1909f56bfc062723c751e8b465ee728b)  -> (artifact id: '83972a51a79708260ea1e2dfb88bfd79') in 0.022995 seconds
  Import took 0.027738 seconds .

========================================================================
Received Import Request.
  Time since last request: 677.247547 seconds.
  path: Assets/Untitled-1.png
  artifactKey: Guid(31c5f4f60070966459cd486a442274b5) Importer(815301076,1909f56bfc062723c751e8b465ee728b)
Start importing Assets/Untitled-1.png using Guid(31c5f4f60070966459cd486a442274b5) Importer(815301076,1909f56bfc062723c751e8b465ee728b)  -> (artifact id: '1a9a92876be336066c37e8ab29b0dd36') in 0.095010 seconds
  Import took 0.098578 seconds .

========================================================================
Received Import Request.
  Time since last request: 3.609303 seconds.
  path: Assets/Untitled-1.png
  artifactKey: Guid(31c5f4f60070966459cd486a442274b5) Importer(815301076,1909f56bfc062723c751e8b465ee728b)
Start importing Assets/Untitled-1.png using Guid(31c5f4f60070966459cd486a442274b5) Importer(815301076,1909f56bfc062723c751e8b465ee728b)  -> (artifact id: 'a2eb42c6e38c64f0056f4f818f752387') in 0.055586 seconds
  Import took 0.058921 seconds .

