Using pre-set license
Built from '2020.3/release' branch; Version is '2020.3.1f1 (77a89f25062f) revision 7841951'; Using compiler version '192528614'; Build Type 'Release'
OS: 'Windows 10 Pro; OS build 19041.985; Version 2004; 64bit' Language: 'en' Physical Memory: 24506 MB
BatchMode: 1, IsHumanControllingUs: 0, StartBugReporterOnCrash: 0, Is64bit: 1, IsPro: 0

 COMMAND LINE ARGUMENTS:
F:\Progam Files\UnityHub\2020.3.1f1\Editor\Unity.exe
-adb2
-batchMode
-noUpm
-name
AssetImportWorker1
-projectPath
G:/UnityProjects/alienmotion
-logFile
Logs/AssetImportWorker1.log
-srvPort
43432
Successfully changed project path to: G:/UnityProjects/alienmotion
G:/UnityProjects/alienmotion
Using Asset Import Pipeline V2.
Refreshing native plugins compatible for Editor in 23.02 ms, found 0 plugins.
Preloading 0 native plugins for Editor in 0.00 ms.
Initialize engine version: 2020.3.1f1 (77a89f25062f)
[Subsystems] Discovering subsystems at path F:/Progam Files/UnityHub/2020.3.1f1/Editor/Data/Resources/UnitySubsystems
[Subsystems] Discovering subsystems at path G:/UnityProjects/alienmotion/Assets
GfxDevice: creating device client; threaded=0
Direct3D:
    Version:  Direct3D 11.0 [level 11.1]
    Renderer: NVIDIA GeForce GTX 1070 Ti (ID=0x1b82)
    Vendor:   
    VRAM:     8079 MB
    Driver:   27.21.14.6627
Initialize mono
Mono path[0] = 'F:/Progam Files/UnityHub/2020.3.1f1/Editor/Data/Managed'
Mono path[1] = 'F:/Progam Files/UnityHub/2020.3.1f1/Editor/Data/MonoBleedingEdge/lib/mono/unityjit'
Mono config path = 'F:/Progam Files/UnityHub/2020.3.1f1/Editor/Data/MonoBleedingEdge/etc'
Using monoOptions --debugger-agent=transport=dt_socket,embedding=1,server=y,suspend=n,address=127.0.0.1:56832
Begin MonoManager ReloadAssembly
Registering precompiled unity dll's ...
Register platform support module: F:/Progam Files/UnityHub/2020.3.1f1/Editor/Data/PlaybackEngines/WebGLSupport/UnityEditor.WebGL.Extensions.dll
Register platform support module: F:/Progam Files/UnityHub/2020.3.1f1/Editor/Data/PlaybackEngines/WindowsStandaloneSupport/UnityEditor.WindowsStandalone.Extensions.dll
Registered in 0.001052 seconds.
Native extension for WindowsStandalone target not found
Native extension for WebGL target not found
Refreshing native plugins compatible for Editor in 22.62 ms, found 0 plugins.
Preloading 0 native plugins for Editor in 0.00 ms.
Invoked RoslynAnalysisRunner static constructor.
RoslynAnalysisRunner will not be running.
RoslynAnalysisRunner has terminated.
Mono: successfully reloaded assembly
- Completed reload, in  0.910 seconds
Platform modules already initialized, skipping
Registering precompiled user dll's ...
Registered in 0.000444 seconds.
Begin MonoManager ReloadAssembly
Native extension for WindowsStandalone target not found
Native extension for WebGL target not found
Refreshing native plugins compatible for Editor in 0.21 ms, found 0 plugins.
Preloading 0 native plugins for Editor in 0.00 ms.
Invoked RoslynAnalysisRunner static constructor.
RoslynAnalysisRunner will not be running.
RoslynAnalysisRunner has terminated.
Mono: successfully reloaded assembly
- Completed reload, in  0.637 seconds
Platform modules already initialized, skipping
========================================================================
Worker process is ready to serve import requests
Launched and connected shader compiler UnityShaderCompiler.exe after 0.12 seconds
Refreshing native plugins compatible for Editor in 0.20 ms, found 0 plugins.
Preloading 0 native plugins for Editor in 0.00 ms.
Unloading 1215 Unused Serialized files (Serialized files now loaded: 0)
System memory in use before: 67.3 MB.
System memory in use after: 67.4 MB.

Unloading 9 unused Assets to reduce memory usage. Loaded Objects now: 1671.
Total: 1.912600 ms (FindLiveObjects: 0.228100 ms CreateObjectMapping: 0.157600 ms MarkObjects: 1.455600 ms  DeleteObjects: 0.070100 ms)

========================================================================
Received Import Request.
  path: Assets/ChestController.cs
  artifactKey: Guid(98efb1779b44ac6408c755ced66b337a) Importer(815301076,1909f56bfc062723c751e8b465ee728b)
Start importing Assets/ChestController.cs using Guid(98efb1779b44ac6408c755ced66b337a) Importer(815301076,1909f56bfc062723c751e8b465ee728b)  -> (artifact id: '82af25094855ae9a698716a5dc79c85d') in 0.073931 seconds
  Import took 0.078023 seconds .

========================================================================
Received Import Request.
  Time since last request: 7750.418942 seconds.
  path: Assets/ChestController.cs
  artifactKey: Guid(98efb1779b44ac6408c755ced66b337a) Importer(815301076,1909f56bfc062723c751e8b465ee728b)
Start importing Assets/ChestController.cs using Guid(98efb1779b44ac6408c755ced66b337a) Importer(815301076,1909f56bfc062723c751e8b465ee728b)  -> (artifact id: 'd3663635b8e05b9479c9ca161a22db39') in 0.004919 seconds
  Import took 0.035603 seconds .

========================================================================
Received Prepare
Registering precompiled user dll's ...
Registered in 0.000626 seconds.
Begin MonoManager ReloadAssembly
Native extension for WindowsStandalone target not found
Native extension for WebGL target not found
Refreshing native plugins compatible for Editor in 0.21 ms, found 0 plugins.
Preloading 0 native plugins for Editor in 0.00 ms.
Invoked RoslynAnalysisRunner static constructor.
RoslynAnalysisRunner will not be running.
RoslynAnalysisRunner has terminated.
Mono: successfully reloaded assembly
- Completed reload, in  0.681 seconds
Platform modules already initialized, skipping
Refreshing native plugins compatible for Editor in 0.21 ms, found 0 plugins.
Preloading 0 native plugins for Editor in 0.00 ms.
Unloading 1197 Unused Serialized files (Serialized files now loaded: 0)
System memory in use before: 66.1 MB.
System memory in use after: 66.2 MB.

Unloading 4 unused Assets to reduce memory usage. Loaded Objects now: 1674.
Total: 1.217000 ms (FindLiveObjects: 0.110000 ms CreateObjectMapping: 0.029900 ms MarkObjects: 1.063200 ms  DeleteObjects: 0.012900 ms)

========================================================================
Received Import Request.
  Time since last request: 155.194988 seconds.
  path: Assets/Scenes/MainMap.unity
  artifactKey: Guid(f713a902d573e9243800d6cb9b330022) Importer(815301076,1909f56bfc062723c751e8b465ee728b)
Start importing Assets/Scenes/MainMap.unity using Guid(f713a902d573e9243800d6cb9b330022) Importer(815301076,1909f56bfc062723c751e8b465ee728b)  -> (artifact id: '83972a51a79708260ea1e2dfb88bfd79') in 0.022995 seconds
  Import took 0.027738 seconds .

========================================================================
Received Import Request.
  Time since last request: 677.247547 seconds.
  path: Assets/Untitled-1.png
  artifactKey: Guid(31c5f4f60070966459cd486a442274b5) Importer(815301076,1909f56bfc062723c751e8b465ee728b)
Start importing Assets/Untitled-1.png using Guid(31c5f4f60070966459cd486a442274b5) Importer(815301076,1909f56bfc062723c751e8b465ee728b)  -> (artifact id: '1a9a92876be336066c37e8ab29b0dd36') in 0.095010 seconds
  Import took 0.098578 seconds .

========================================================================
Received Import Request.
  Time since last request: 3.609303 seconds.
  path: Assets/Untitled-1.png
  artifactKey: Guid(31c5f4f60070966459cd486a442274b5) Importer(815301076,1909f56bfc062723c751e8b465ee728b)
Start importing Assets/Untitled-1.png using Guid(31c5f4f60070966459cd486a442274b5) Importer(815301076,1909f56bfc062723c751e8b465ee728b)  -> (artifact id: 'a2eb42c6e38c64f0056f4f818f752387') in 0.055586 seconds
  Import took 0.058921 seconds .

========================================================================
Received Import Request.
  Time since last request: 1292.530094 seconds.
  path: Assets/NarrationManager.cs
  artifactKey: Guid(f18a5fa3ed2b3fb4bb0100f384571ddd) Importer(815301076,1909f56bfc062723c751e8b465ee728b)
Start importing Assets/NarrationManager.cs using Guid(f18a5fa3ed2b3fb4bb0100f384571ddd) Importer(815301076,1909f56bfc062723c751e8b465ee728b)  -> (artifact id: '0fcc64e0fb019b0e098101a11b50a155') in 0.007227 seconds
  Import took 0.018857 seconds .

========================================================================
Received Prepare
Registering precompiled user dll's ...
Registered in 0.000514 seconds.
Begin MonoManager ReloadAssembly
Native extension for WindowsStandalone target not found
Native extension for WebGL target not found
Refreshing native plugins compatible for Editor in 0.24 ms, found 0 plugins.
Preloading 0 native plugins for Editor in 0.00 ms.
Invoked RoslynAnalysisRunner static constructor.
RoslynAnalysisRunner will not be running.
RoslynAnalysisRunner has terminated.
Mono: successfully reloaded assembly
- Completed reload, in  0.683 seconds
Platform modules already initialized, skipping
Refreshing native plugins compatible for Editor in 0.21 ms, found 0 plugins.
Preloading 0 native plugins for Editor in 0.00 ms.
Unloading 1197 Unused Serialized files (Serialized files now loaded: 0)
System memory in use before: 69.2 MB.
System memory in use after: 69.3 MB.

Unloading 4 unused Assets to reduce memory usage. Loaded Objects now: 1684.
Total: 1.697200 ms (FindLiveObjects: 0.197000 ms CreateObjectMapping: 0.253100 ms MarkObjects: 1.228000 ms  DeleteObjects: 0.018100 ms)

========================================================================
Received Prepare
Registering precompiled user dll's ...
Registered in 0.000499 seconds.
Begin MonoManager ReloadAssembly
Native extension for WindowsStandalone target not found
Native extension for WebGL target not found
Refreshing native plugins compatible for Editor in 0.23 ms, found 0 plugins.
Preloading 0 native plugins for Editor in 0.00 ms.
Invoked RoslynAnalysisRunner static constructor.
RoslynAnalysisRunner will not be running.
RoslynAnalysisRunner has terminated.
Mono: successfully reloaded assembly
- Completed reload, in  0.687 seconds
Platform modules already initialized, skipping
Refreshing native plugins compatible for Editor in 0.20 ms, found 0 plugins.
Preloading 0 native plugins for Editor in 0.00 ms.
Unloading 1197 Unused Serialized files (Serialized files now loaded: 0)
System memory in use before: 69.3 MB.
System memory in use after: 69.4 MB.

Unloading 4 unused Assets to reduce memory usage. Loaded Objects now: 1687.
Total: 1.408500 ms (FindLiveObjects: 0.237400 ms CreateObjectMapping: 0.048000 ms MarkObjects: 1.109400 ms  DeleteObjects: 0.012300 ms)

========================================================================
Received Prepare
Registering precompiled user dll's ...
Registered in 0.000502 seconds.
Begin MonoManager ReloadAssembly
Native extension for WindowsStandalone target not found
Native extension for WebGL target not found
Refreshing native plugins compatible for Editor in 0.23 ms, found 0 plugins.
Preloading 0 native plugins for Editor in 0.00 ms.
Invoked RoslynAnalysisRunner static constructor.
RoslynAnalysisRunner will not be running.
RoslynAnalysisRunner has terminated.
Mono: successfully reloaded assembly
- Completed reload, in  0.676 seconds
Platform modules already initialized, skipping
Refreshing native plugins compatible for Editor in 0.22 ms, found 0 plugins.
Preloading 0 native plugins for Editor in 0.00 ms.
Unloading 1197 Unused Serialized files (Serialized files now loaded: 0)
System memory in use before: 69.3 MB.
System memory in use after: 69.4 MB.

Unloading 4 unused Assets to reduce memory usage. Loaded Objects now: 1690.
Total: 1.392800 ms (FindLiveObjects: 0.153200 ms CreateObjectMapping: 0.044500 ms MarkObjects: 1.166100 ms  DeleteObjects: 0.015800 ms)

========================================================================
Received Prepare
Registering precompiled user dll's ...
Registered in 0.000501 seconds.
Begin MonoManager ReloadAssembly
Native extension for WindowsStandalone target not found
Native extension for WebGL target not found
Refreshing native plugins compatible for Editor in 0.22 ms, found 0 plugins.
Preloading 0 native plugins for Editor in 0.00 ms.
Invoked RoslynAnalysisRunner static constructor.
RoslynAnalysisRunner will not be running.
RoslynAnalysisRunner has terminated.
Mono: successfully reloaded assembly
- Completed reload, in  0.692 seconds
Platform modules already initialized, skipping
Refreshing native plugins compatible for Editor in 0.21 ms, found 0 plugins.
Preloading 0 native plugins for Editor in 0.00 ms.
Unloading 1197 Unused Serialized files (Serialized files now loaded: 0)
System memory in use before: 69.3 MB.
System memory in use after: 69.4 MB.

Unloading 4 unused Assets to reduce memory usage. Loaded Objects now: 1693.
Total: 1.332400 ms (FindLiveObjects: 0.159400 ms CreateObjectMapping: 0.040000 ms MarkObjects: 1.116800 ms  DeleteObjects: 0.014600 ms)

========================================================================
Received Prepare
Registering precompiled user dll's ...
Registered in 0.000528 seconds.
Begin MonoManager ReloadAssembly
Native extension for WindowsStandalone target not found
Native extension for WebGL target not found
Refreshing native plugins compatible for Editor in 0.22 ms, found 0 plugins.
Preloading 0 native plugins for Editor in 0.00 ms.
Invoked RoslynAnalysisRunner static constructor.
RoslynAnalysisRunner will not be running.
RoslynAnalysisRunner has terminated.
Mono: successfully reloaded assembly
- Completed reload, in  0.683 seconds
Platform modules already initialized, skipping
Refreshing native plugins compatible for Editor in 0.22 ms, found 0 plugins.
Preloading 0 native plugins for Editor in 0.00 ms.
Unloading 1197 Unused Serialized files (Serialized files now loaded: 0)
System memory in use before: 69.3 MB.
System memory in use after: 69.4 MB.

Unloading 4 unused Assets to reduce memory usage. Loaded Objects now: 1696.
Total: 1.481600 ms (FindLiveObjects: 0.118100 ms CreateObjectMapping: 0.034100 ms MarkObjects: 1.316300 ms  DeleteObjects: 0.012400 ms)

========================================================================
Received Prepare
Registering precompiled user dll's ...
Registered in 0.000492 seconds.
Begin MonoManager ReloadAssembly
Native extension for WindowsStandalone target not found
Native extension for WebGL target not found
Refreshing native plugins compatible for Editor in 0.23 ms, found 0 plugins.
Preloading 0 native plugins for Editor in 0.00 ms.
Invoked RoslynAnalysisRunner static constructor.
RoslynAnalysisRunner will not be running.
RoslynAnalysisRunner has terminated.
Mono: successfully reloaded assembly
- Completed reload, in  0.702 seconds
Platform modules already initialized, skipping
Refreshing native plugins compatible for Editor in 0.21 ms, found 0 plugins.
Preloading 0 native plugins for Editor in 0.00 ms.
Unloading 1197 Unused Serialized files (Serialized files now loaded: 0)
System memory in use before: 69.3 MB.
System memory in use after: 69.4 MB.

Unloading 4 unused Assets to reduce memory usage. Loaded Objects now: 1699.
Total: 1.820300 ms (FindLiveObjects: 0.128000 ms CreateObjectMapping: 0.037100 ms MarkObjects: 1.634600 ms  DeleteObjects: 0.018400 ms)

========================================================================
Received Prepare
Registering precompiled user dll's ...
Registered in 0.000523 seconds.
Begin MonoManager ReloadAssembly
Native extension for WindowsStandalone target not found
Native extension for WebGL target not found
Refreshing native plugins compatible for Editor in 0.22 ms, found 0 plugins.
Preloading 0 native plugins for Editor in 0.00 ms.
Invoked RoslynAnalysisRunner static constructor.
RoslynAnalysisRunner will not be running.
RoslynAnalysisRunner has terminated.
Mono: successfully reloaded assembly
- Completed reload, in  0.709 seconds
Platform modules already initialized, skipping
Refreshing native plugins compatible for Editor in 0.22 ms, found 0 plugins.
Preloading 0 native plugins for Editor in 0.00 ms.
Unloading 1197 Unused Serialized files (Serialized files now loaded: 0)
System memory in use before: 69.3 MB.
System memory in use after: 69.4 MB.

Unloading 4 unused Assets to reduce memory usage. Loaded Objects now: 1702.
Total: 1.164900 ms (FindLiveObjects: 0.115200 ms CreateObjectMapping: 0.029700 ms MarkObjects: 1.007800 ms  DeleteObjects: 0.011200 ms)

========================================================================
Received Prepare
Registering precompiled user dll's ...
Registered in 0.000500 seconds.
Begin MonoManager ReloadAssembly
Native extension for WindowsStandalone target not found
Native extension for WebGL target not found
Refreshing native plugins compatible for Editor in 0.21 ms, found 0 plugins.
Preloading 0 native plugins for Editor in 0.00 ms.
Invoked RoslynAnalysisRunner static constructor.
RoslynAnalysisRunner will not be running.
RoslynAnalysisRunner has terminated.
Mono: successfully reloaded assembly
- Completed reload, in  0.601 seconds
Platform modules already initialized, skipping
Refreshing native plugins compatible for Editor in 0.21 ms, found 0 plugins.
Preloading 0 native plugins for Editor in 0.00 ms.
Unloading 1197 Unused Serialized files (Serialized files now loaded: 0)
System memory in use before: 69.3 MB.
System memory in use after: 69.4 MB.

Unloading 4 unused Assets to reduce memory usage. Loaded Objects now: 1705.
Total: 1.220200 ms (FindLiveObjects: 0.116000 ms CreateObjectMapping: 0.031400 ms MarkObjects: 1.060600 ms  DeleteObjects: 0.011500 ms)

========================================================================
Received Prepare
Registering precompiled user dll's ...
Registered in 0.000509 seconds.
Begin MonoManager ReloadAssembly
Native extension for WindowsStandalone target not found
Native extension for WebGL target not found
Refreshing native plugins compatible for Editor in 0.21 ms, found 0 plugins.
Preloading 0 native plugins for Editor in 0.00 ms.
Invoked RoslynAnalysisRunner static constructor.
RoslynAnalysisRunner will not be running.
RoslynAnalysisRunner has terminated.
Mono: successfully reloaded assembly
- Completed reload, in  0.647 seconds
Platform modules already initialized, skipping
Refreshing native plugins compatible for Editor in 0.22 ms, found 0 plugins.
Preloading 0 native plugins for Editor in 0.00 ms.
Unloading 1197 Unused Serialized files (Serialized files now loaded: 0)
System memory in use before: 69.3 MB.
System memory in use after: 69.4 MB.

Unloading 4 unused Assets to reduce memory usage. Loaded Objects now: 1708.
Total: 1.436700 ms (FindLiveObjects: 0.138000 ms CreateObjectMapping: 0.054600 ms MarkObjects: 1.228700 ms  DeleteObjects: 0.013100 ms)

========================================================================
Received Prepare
Registering precompiled user dll's ...
Registered in 0.000419 seconds.
Begin MonoManager ReloadAssembly
Native extension for WindowsStandalone target not found
Native extension for WebGL target not found
Refreshing native plugins compatible for Editor in 0.20 ms, found 0 plugins.
Preloading 0 native plugins for Editor in 0.00 ms.
Invoked RoslynAnalysisRunner static constructor.
RoslynAnalysisRunner will not be running.
RoslynAnalysisRunner has terminated.
Mono: successfully reloaded assembly
- Completed reload, in  0.598 seconds
Platform modules already initialized, skipping
Refreshing native plugins compatible for Editor in 0.23 ms, found 0 plugins.
Preloading 0 native plugins for Editor in 0.00 ms.
Unloading 1197 Unused Serialized files (Serialized files now loaded: 0)
System memory in use before: 69.3 MB.
System memory in use after: 69.4 MB.

Unloading 4 unused Assets to reduce memory usage. Loaded Objects now: 1711.
Total: 1.236600 ms (FindLiveObjects: 0.120000 ms CreateObjectMapping: 0.033300 ms MarkObjects: 1.070100 ms  DeleteObjects: 0.012400 ms)

========================================================================
Received Prepare
Registering precompiled user dll's ...
Registered in 0.000418 seconds.
Begin MonoManager ReloadAssembly
Native extension for WindowsStandalone target not found
Native extension for WebGL target not found
Refreshing native plugins compatible for Editor in 0.27 ms, found 0 plugins.
Preloading 0 native plugins for Editor in 0.00 ms.
Invoked RoslynAnalysisRunner static constructor.
RoslynAnalysisRunner will not be running.
RoslynAnalysisRunner has terminated.
Mono: successfully reloaded assembly
- Completed reload, in  0.627 seconds
Platform modules already initialized, skipping
Refreshing native plugins compatible for Editor in 0.23 ms, found 0 plugins.
Preloading 0 native plugins for Editor in 0.00 ms.
Unloading 1197 Unused Serialized files (Serialized files now loaded: 0)
System memory in use before: 69.3 MB.
System memory in use after: 69.4 MB.

Unloading 4 unused Assets to reduce memory usage. Loaded Objects now: 1714.
Total: 1.320700 ms (FindLiveObjects: 0.120000 ms CreateObjectMapping: 0.032500 ms MarkObjects: 1.155200 ms  DeleteObjects: 0.011900 ms)

========================================================================
Received Prepare
Registering precompiled user dll's ...
Registered in 0.000485 seconds.
Begin MonoManager ReloadAssembly
Native extension for WindowsStandalone target not found
Native extension for WebGL target not found
Refreshing native plugins compatible for Editor in 0.21 ms, found 0 plugins.
Preloading 0 native plugins for Editor in 0.00 ms.
Invoked RoslynAnalysisRunner static constructor.
RoslynAnalysisRunner will not be running.
RoslynAnalysisRunner has terminated.
Mono: successfully reloaded assembly
- Completed reload, in  0.654 seconds
Platform modules already initialized, skipping
Refreshing native plugins compatible for Editor in 0.22 ms, found 0 plugins.
Preloading 0 native plugins for Editor in 0.00 ms.
Unloading 1197 Unused Serialized files (Serialized files now loaded: 0)
System memory in use before: 69.3 MB.
System memory in use after: 69.4 MB.

Unloading 4 unused Assets to reduce memory usage. Loaded Objects now: 1717.
Total: 1.402600 ms (FindLiveObjects: 0.134100 ms CreateObjectMapping: 0.039800 ms MarkObjects: 1.215200 ms  DeleteObjects: 0.012600 ms)

========================================================================
Received Prepare
Registering precompiled user dll's ...
Registered in 0.000441 seconds.
Begin MonoManager ReloadAssembly
Native extension for WindowsStandalone target not found
Native extension for WebGL target not found
Refreshing native plugins compatible for Editor in 0.22 ms, found 0 plugins.
Preloading 0 native plugins for Editor in 0.00 ms.
Invoked RoslynAnalysisRunner static constructor.
RoslynAnalysisRunner will not be running.
RoslynAnalysisRunner has terminated.
Mono: successfully reloaded assembly
- Completed reload, in  0.609 seconds
Platform modules already initialized, skipping
Refreshing native plugins compatible for Editor in 0.21 ms, found 0 plugins.
Preloading 0 native plugins for Editor in 0.00 ms.
Unloading 1197 Unused Serialized files (Serialized files now loaded: 0)
System memory in use before: 69.3 MB.
System memory in use after: 69.4 MB.

Unloading 4 unused Assets to reduce memory usage. Loaded Objects now: 1720.
Total: 1.192500 ms (FindLiveObjects: 0.117100 ms CreateObjectMapping: 0.030300 ms MarkObjects: 1.031400 ms  DeleteObjects: 0.012400 ms)

========================================================================
Received Prepare
Registering precompiled user dll's ...
Registered in 0.000464 seconds.
Begin MonoManager ReloadAssembly
Native extension for WindowsStandalone target not found
Native extension for WebGL target not found
Refreshing native plugins compatible for Editor in 0.20 ms, found 0 plugins.
Preloading 0 native plugins for Editor in 0.00 ms.
Invoked RoslynAnalysisRunner static constructor.
RoslynAnalysisRunner will not be running.
RoslynAnalysisRunner has terminated.
Mono: successfully reloaded assembly
- Completed reload, in  0.596 seconds
Platform modules already initialized, skipping
Refreshing native plugins compatible for Editor in 0.21 ms, found 0 plugins.
Preloading 0 native plugins for Editor in 0.00 ms.
Unloading 1197 Unused Serialized files (Serialized files now loaded: 0)
System memory in use before: 69.4 MB.
System memory in use after: 69.4 MB.

Unloading 4 unused Assets to reduce memory usage. Loaded Objects now: 1723.
Total: 1.231600 ms (FindLiveObjects: 0.123000 ms CreateObjectMapping: 0.034800 ms MarkObjects: 1.060800 ms  DeleteObjects: 0.011900 ms)

========================================================================
Received Import Request.
  Time since last request: 9363.346139 seconds.
  path: Assets/Scenes/MainMap.unity
  artifactKey: Guid(f713a902d573e9243800d6cb9b330022) Importer(815301076,1909f56bfc062723c751e8b465ee728b)
Start importing Assets/Scenes/MainMap.unity using Guid(f713a902d573e9243800d6cb9b330022) Importer(815301076,1909f56bfc062723c751e8b465ee728b)  -> (artifact id: '04fe38f7316d07ff5901a31d03fdd815') in 0.011803 seconds
  Import took 0.022626 seconds .

========================================================================
Received Prepare
Registering precompiled user dll's ...
Registered in 0.000465 seconds.
Begin MonoManager ReloadAssembly
Native extension for WindowsStandalone target not found
Native extension for WebGL target not found
Refreshing native plugins compatible for Editor in 0.22 ms, found 0 plugins.
Preloading 0 native plugins for Editor in 0.00 ms.
Invoked RoslynAnalysisRunner static constructor.
RoslynAnalysisRunner will not be running.
RoslynAnalysisRunner has terminated.
Mono: successfully reloaded assembly
- Completed reload, in  0.666 seconds
Platform modules already initialized, skipping
Refreshing native plugins compatible for Editor in 0.22 ms, found 0 plugins.
Preloading 0 native plugins for Editor in 0.00 ms.
Unloading 1197 Unused Serialized files (Serialized files now loaded: 0)
System memory in use before: 69.4 MB.
System memory in use after: 69.5 MB.

Unloading 4 unused Assets to reduce memory usage. Loaded Objects now: 1726.
Total: 2.252400 ms (FindLiveObjects: 0.221100 ms CreateObjectMapping: 0.052400 ms MarkObjects: 1.958200 ms  DeleteObjects: 0.019200 ms)

========================================================================
Received Prepare
Registering precompiled user dll's ...
Registered in 0.000751 seconds.
Begin MonoManager ReloadAssembly
Native extension for WindowsStandalone target not found
Native extension for WebGL target not found
Refreshing native plugins compatible for Editor in 0.21 ms, found 0 plugins.
Preloading 0 native plugins for Editor in 0.00 ms.
Invoked RoslynAnalysisRunner static constructor.
RoslynAnalysisRunner will not be running.
RoslynAnalysisRunner has terminated.
Mono: successfully reloaded assembly
- Completed reload, in  0.746 seconds
Platform modules already initialized, skipping
Refreshing native plugins compatible for Editor in 0.23 ms, found 0 plugins.
Preloading 0 native plugins for Editor in 0.00 ms.
Unloading 1197 Unused Serialized files (Serialized files now loaded: 0)
System memory in use before: 69.5 MB.
System memory in use after: 69.6 MB.

Unloading 4 unused Assets to reduce memory usage. Loaded Objects now: 1729.
Total: 1.487500 ms (FindLiveObjects: 0.166200 ms CreateObjectMapping: 0.037100 ms MarkObjects: 1.247200 ms  DeleteObjects: 0.033700 ms)

========================================================================
Received Prepare
Registering precompiled user dll's ...
Registered in 0.000479 seconds.
Begin MonoManager ReloadAssembly
Native extension for WindowsStandalone target not found
Native extension for WebGL target not found
Refreshing native plugins compatible for Editor in 0.23 ms, found 0 plugins.
Preloading 0 native plugins for Editor in 0.00 ms.
Invoked RoslynAnalysisRunner static constructor.
RoslynAnalysisRunner will not be running.
RoslynAnalysisRunner has terminated.
Mono: successfully reloaded assembly
- Completed reload, in  0.701 seconds
Platform modules already initialized, skipping
Refreshing native plugins compatible for Editor in 0.21 ms, found 0 plugins.
Preloading 0 native plugins for Editor in 0.00 ms.
Unloading 1197 Unused Serialized files (Serialized files now loaded: 0)
System memory in use before: 69.5 MB.
System memory in use after: 69.6 MB.

Unloading 4 unused Assets to reduce memory usage. Loaded Objects now: 1732.
Total: 2.065800 ms (FindLiveObjects: 0.314000 ms CreateObjectMapping: 0.097800 ms MarkObjects: 1.634800 ms  DeleteObjects: 0.017700 ms)

========================================================================
Received Prepare
Registering precompiled user dll's ...
Registered in 0.000515 seconds.
Begin MonoManager ReloadAssembly
Native extension for WindowsStandalone target not found
Native extension for WebGL target not found
Refreshing native plugins compatible for Editor in 0.22 ms, found 0 plugins.
Preloading 0 native plugins for Editor in 0.00 ms.
Invoked RoslynAnalysisRunner static constructor.
RoslynAnalysisRunner will not be running.
RoslynAnalysisRunner has terminated.
Mono: successfully reloaded assembly
- Completed reload, in  0.669 seconds
Platform modules already initialized, skipping
Refreshing native plugins compatible for Editor in 0.21 ms, found 0 plugins.
Preloading 0 native plugins for Editor in 0.00 ms.
Unloading 1197 Unused Serialized files (Serialized files now loaded: 0)
System memory in use before: 69.5 MB.
System memory in use after: 69.6 MB.

Unloading 4 unused Assets to reduce memory usage. Loaded Objects now: 1735.
Total: 1.759600 ms (FindLiveObjects: 0.187000 ms CreateObjectMapping: 0.224700 ms MarkObjects: 1.330900 ms  DeleteObjects: 0.015100 ms)

========================================================================
Received Prepare
Registering precompiled user dll's ...
Registered in 0.000549 seconds.
Begin MonoManager ReloadAssembly
Native extension for WindowsStandalone target not found
Native extension for WebGL target not found
Refreshing native plugins compatible for Editor in 0.21 ms, found 0 plugins.
Preloading 0 native plugins for Editor in 0.00 ms.
Invoked RoslynAnalysisRunner static constructor.
RoslynAnalysisRunner will not be running.
RoslynAnalysisRunner has terminated.
Mono: successfully reloaded assembly
- Completed reload, in  0.650 seconds
Platform modules already initialized, skipping
Refreshing native plugins compatible for Editor in 0.21 ms, found 0 plugins.
Preloading 0 native plugins for Editor in 0.00 ms.
Unloading 1197 Unused Serialized files (Serialized files now loaded: 0)
System memory in use before: 69.5 MB.
System memory in use after: 69.6 MB.

Unloading 4 unused Assets to reduce memory usage. Loaded Objects now: 1738.
Total: 1.664500 ms (FindLiveObjects: 0.141900 ms CreateObjectMapping: 0.121200 ms MarkObjects: 1.388000 ms  DeleteObjects: 0.012100 ms)

========================================================================
Received Prepare
Registering precompiled user dll's ...
Registered in 0.000487 seconds.
Begin MonoManager ReloadAssembly
Native extension for WindowsStandalone target not found
Native extension for WebGL target not found
Refreshing native plugins compatible for Editor in 0.21 ms, found 0 plugins.
Preloading 0 native plugins for Editor in 0.00 ms.
Invoked RoslynAnalysisRunner static constructor.
RoslynAnalysisRunner will not be running.
RoslynAnalysisRunner has terminated.
Mono: successfully reloaded assembly
- Completed reload, in  0.744 seconds
Platform modules already initialized, skipping
Refreshing native plugins compatible for Editor in 0.31 ms, found 0 plugins.
Preloading 0 native plugins for Editor in 0.00 ms.
Unloading 1197 Unused Serialized files (Serialized files now loaded: 0)
System memory in use before: 69.5 MB.
System memory in use after: 69.6 MB.

Unloading 4 unused Assets to reduce memory usage. Loaded Objects now: 1741.
Total: 2.965500 ms (FindLiveObjects: 0.560300 ms CreateObjectMapping: 0.129300 ms MarkObjects: 2.259600 ms  DeleteObjects: 0.015200 ms)

========================================================================
Received Import Request.
  Time since last request: 2161.221885 seconds.
  path: Assets/TextAssets/Login/UsuarioNaoRegistrado.asset
  artifactKey: Guid(ddcb06e177e91bd4eb84c2b7084cdb20) Importer(815301076,1909f56bfc062723c751e8b465ee728b)
Start importing Assets/TextAssets/Login/UsuarioNaoRegistrado.asset using Guid(ddcb06e177e91bd4eb84c2b7084cdb20) Importer(815301076,1909f56bfc062723c751e8b465ee728b)  -> (artifact id: 'ddd1a0f1a4d1f293e24b32c6d1be4ac5') in 0.026978 seconds
  Import took 0.031171 seconds .

========================================================================
Received Import Request.
  Time since last request: 233.601082 seconds.
  path: Assets/TextAssets/CadastroFinalResposavel.asset
  artifactKey: Guid(c08fcbbc2dd47f145ba10f3c7c34a308) Importer(815301076,1909f56bfc062723c751e8b465ee728b)
Start importing Assets/TextAssets/CadastroFinalResposavel.asset using Guid(c08fcbbc2dd47f145ba10f3c7c34a308) Importer(815301076,1909f56bfc062723c751e8b465ee728b)  -> (artifact id: '129a18116cade532f8b3207a7a3acbc5') in 0.008028 seconds
  Import took 0.011391 seconds .

========================================================================
Received Import Request.
  Time since last request: 366.088272 seconds.
  path: Assets/Scenes/TitleScene.unity
  artifactKey: Guid(db3cfdfebe647db43bfaee9cb11a9771) Importer(815301076,1909f56bfc062723c751e8b465ee728b)
Start importing Assets/Scenes/TitleScene.unity using Guid(db3cfdfebe647db43bfaee9cb11a9771) Importer(815301076,1909f56bfc062723c751e8b465ee728b)  -> (artifact id: 'f61fac25036b9598b20c6dbb550569b8') in 0.007377 seconds
  Import took 0.013030 seconds .

========================================================================
Received Prepare
Registering precompiled user dll's ...
Registered in 0.000489 seconds.
Begin MonoManager ReloadAssembly
Native extension for WindowsStandalone target not found
Native extension for WebGL target not found
Refreshing native plugins compatible for Editor in 0.23 ms, found 0 plugins.
Preloading 0 native plugins for Editor in 0.00 ms.
Invoked RoslynAnalysisRunner static constructor.
RoslynAnalysisRunner will not be running.
RoslynAnalysisRunner has terminated.
Mono: successfully reloaded assembly
- Completed reload, in  0.831 seconds
Platform modules already initialized, skipping
Refreshing native plugins compatible for Editor in 0.23 ms, found 0 plugins.
Preloading 0 native plugins for Editor in 0.00 ms.
Unloading 1197 Unused Serialized files (Serialized files now loaded: 0)
System memory in use before: 69.5 MB.
System memory in use after: 69.6 MB.

Unloading 4 unused Assets to reduce memory usage. Loaded Objects now: 1744.
Total: 2.502800 ms (FindLiveObjects: 0.143700 ms CreateObjectMapping: 0.101300 ms MarkObjects: 2.242700 ms  DeleteObjects: 0.013800 ms)

========================================================================
Received Prepare
Registering precompiled user dll's ...
Registered in 0.001209 seconds.
Begin MonoManager ReloadAssembly
Native extension for WindowsStandalone target not found
Native extension for WebGL target not found
Refreshing native plugins compatible for Editor in 0.21 ms, found 0 plugins.
Preloading 0 native plugins for Editor in 0.00 ms.
Invoked RoslynAnalysisRunner static constructor.
RoslynAnalysisRunner will not be running.
RoslynAnalysisRunner has terminated.
Mono: successfully reloaded assembly
- Completed reload, in  0.656 seconds
Platform modules already initialized, skipping
Refreshing native plugins compatible for Editor in 0.22 ms, found 0 plugins.
Preloading 0 native plugins for Editor in 0.00 ms.
Unloading 1197 Unused Serialized files (Serialized files now loaded: 0)
System memory in use before: 69.5 MB.
System memory in use after: 69.6 MB.

Unloading 4 unused Assets to reduce memory usage. Loaded Objects now: 1747.
Total: 2.760900 ms (FindLiveObjects: 0.319200 ms CreateObjectMapping: 0.082400 ms MarkObjects: 2.341200 ms  DeleteObjects: 0.016100 ms)

========================================================================
Received Prepare
Registering precompiled user dll's ...
Registered in 0.000488 seconds.
Begin MonoManager ReloadAssembly
Native extension for WindowsStandalone target not found
Native extension for WebGL target not found
Refreshing native plugins compatible for Editor in 0.21 ms, found 0 plugins.
Preloading 0 native plugins for Editor in 0.00 ms.
Invoked RoslynAnalysisRunner static constructor.
RoslynAnalysisRunner will not be running.
RoslynAnalysisRunner has terminated.
Mono: successfully reloaded assembly
- Completed reload, in  0.661 seconds
Platform modules already initialized, skipping
Refreshing native plugins compatible for Editor in 0.21 ms, found 0 plugins.
Preloading 0 native plugins for Editor in 0.00 ms.
Unloading 1197 Unused Serialized files (Serialized files now loaded: 0)
System memory in use before: 69.5 MB.
System memory in use after: 69.6 MB.

Unloading 4 unused Assets to reduce memory usage. Loaded Objects now: 1750.
Total: 1.823000 ms (FindLiveObjects: 0.194400 ms CreateObjectMapping: 0.055600 ms MarkObjects: 1.555800 ms  DeleteObjects: 0.015500 ms)

========================================================================
Received Prepare
Registering precompiled user dll's ...
Registered in 0.000487 seconds.
Begin MonoManager ReloadAssembly
Native extension for WindowsStandalone target not found
Native extension for WebGL target not found
Refreshing native plugins compatible for Editor in 0.26 ms, found 0 plugins.
Preloading 0 native plugins for Editor in 0.00 ms.
Invoked RoslynAnalysisRunner static constructor.
RoslynAnalysisRunner will not be running.
RoslynAnalysisRunner has terminated.
Mono: successfully reloaded assembly
- Completed reload, in  0.663 seconds
Platform modules already initialized, skipping
Refreshing native plugins compatible for Editor in 0.21 ms, found 0 plugins.
Preloading 0 native plugins for Editor in 0.00 ms.
Unloading 1197 Unused Serialized files (Serialized files now loaded: 0)
System memory in use before: 69.5 MB.
System memory in use after: 69.6 MB.

Unloading 4 unused Assets to reduce memory usage. Loaded Objects now: 1753.
Total: 2.547500 ms (FindLiveObjects: 0.741300 ms CreateObjectMapping: 0.085800 ms MarkObjects: 1.696300 ms  DeleteObjects: 0.013600 ms)

========================================================================
Received Prepare
Registering precompiled user dll's ...
Registered in 0.000706 seconds.
Begin MonoManager ReloadAssembly
Native extension for WindowsStandalone target not found
Native extension for WebGL target not found
Refreshing native plugins compatible for Editor in 0.23 ms, found 0 plugins.
Preloading 0 native plugins for Editor in 0.00 ms.
Invoked RoslynAnalysisRunner static constructor.
RoslynAnalysisRunner will not be running.
RoslynAnalysisRunner has terminated.
Mono: successfully reloaded assembly
- Completed reload, in  0.706 seconds
Platform modules already initialized, skipping
Refreshing native plugins compatible for Editor in 0.20 ms, found 0 plugins.
Preloading 0 native plugins for Editor in 0.00 ms.
Unloading 1197 Unused Serialized files (Serialized files now loaded: 0)
System memory in use before: 69.5 MB.
System memory in use after: 69.6 MB.

Unloading 4 unused Assets to reduce memory usage. Loaded Objects now: 1756.
Total: 1.231700 ms (FindLiveObjects: 0.115200 ms CreateObjectMapping: 0.028000 ms MarkObjects: 1.053500 ms  DeleteObjects: 0.033900 ms)

========================================================================
Received Prepare
Registering precompiled user dll's ...
Registered in 0.000489 seconds.
Begin MonoManager ReloadAssembly
Native extension for WindowsStandalone target not found
Native extension for WebGL target not found
Refreshing native plugins compatible for Editor in 0.25 ms, found 0 plugins.
Preloading 0 native plugins for Editor in 0.00 ms.
Invoked RoslynAnalysisRunner static constructor.
RoslynAnalysisRunner will not be running.
RoslynAnalysisRunner has terminated.
Mono: successfully reloaded assembly
- Completed reload, in  0.708 seconds
Platform modules already initialized, skipping
Refreshing native plugins compatible for Editor in 0.33 ms, found 0 plugins.
Preloading 0 native plugins for Editor in 0.00 ms.
Unloading 1197 Unused Serialized files (Serialized files now loaded: 0)
System memory in use before: 69.5 MB.
System memory in use after: 69.6 MB.

Unloading 4 unused Assets to reduce memory usage. Loaded Objects now: 1759.
Total: 1.858500 ms (FindLiveObjects: 0.407900 ms CreateObjectMapping: 0.068900 ms MarkObjects: 1.363900 ms  DeleteObjects: 0.015900 ms)

========================================================================
Received Prepare
Registering precompiled user dll's ...
Registered in 0.000647 seconds.
Begin MonoManager ReloadAssembly
Native extension for WindowsStandalone target not found
Native extension for WebGL target not found
Refreshing native plugins compatible for Editor in 0.22 ms, found 0 plugins.
Preloading 0 native plugins for Editor in 0.00 ms.
Invoked RoslynAnalysisRunner static constructor.
RoslynAnalysisRunner will not be running.
RoslynAnalysisRunner has terminated.
Mono: successfully reloaded assembly
- Completed reload, in  0.719 seconds
Platform modules already initialized, skipping
Refreshing native plugins compatible for Editor in 0.21 ms, found 0 plugins.
Preloading 0 native plugins for Editor in 0.00 ms.
Unloading 1197 Unused Serialized files (Serialized files now loaded: 0)
System memory in use before: 69.5 MB.
System memory in use after: 69.6 MB.

Unloading 4 unused Assets to reduce memory usage. Loaded Objects now: 1762.
Total: 1.386400 ms (FindLiveObjects: 0.167800 ms CreateObjectMapping: 0.045400 ms MarkObjects: 1.156900 ms  DeleteObjects: 0.015400 ms)

========================================================================
Received Import Request.
  Time since last request: 14662.987923 seconds.
  path: Assets/Animation Sprites/Circle Filled - x128.png
  artifactKey: Guid(e02aaa8fb2b6b3343a7a2d093876bc2b) Importer(815301076,1909f56bfc062723c751e8b465ee728b)
Start importing Assets/Animation Sprites/Circle Filled - x128.png using Guid(e02aaa8fb2b6b3343a7a2d093876bc2b) Importer(815301076,1909f56bfc062723c751e8b465ee728b)  -> (artifact id: '27ccd6f8b62eb64c6e44f7192614ea31') in 0.053889 seconds
  Import took 0.056318 seconds .

========================================================================
Received Import Request.
  Time since last request: 3.464170 seconds.
  path: Assets/Animation Sprites/Circle Filled - x128.png
  artifactKey: Guid(e02aaa8fb2b6b3343a7a2d093876bc2b) Importer(815301076,1909f56bfc062723c751e8b465ee728b)
Start importing Assets/Animation Sprites/Circle Filled - x128.png using Guid(e02aaa8fb2b6b3343a7a2d093876bc2b) Importer(815301076,1909f56bfc062723c751e8b465ee728b)  -> (artifact id: 'f7f937272af98b50da01c22a874b75e3') in 0.023570 seconds
  Import took 0.026153 seconds .

========================================================================
Received Import Request.
  Time since last request: 67.815518 seconds.
  path: Assets/Animation Sprites/Species 1
  artifactKey: Guid(9bd41e6b43ccee948923819dbee76a33) Importer(815301076,1909f56bfc062723c751e8b465ee728b)
Start importing Assets/Animation Sprites/Species 1 using Guid(9bd41e6b43ccee948923819dbee76a33) Importer(815301076,1909f56bfc062723c751e8b465ee728b)  -> (artifact id: '069628985cbee41f12be3e4daa159757') in 0.011600 seconds
  Import took 0.015692 seconds .

========================================================================
Received Import Request.
  Time since last request: 9.238117 seconds.
  path: Assets/Animation Sprites
  artifactKey: Guid(e8318b8d9d052d14d9453a5c123afea3) Importer(815301076,1909f56bfc062723c751e8b465ee728b)
Start importing Assets/Animation Sprites using Guid(e8318b8d9d052d14d9453a5c123afea3) Importer(815301076,1909f56bfc062723c751e8b465ee728b)  -> (artifact id: '813c89c93ae58257f49d63ecef5d3440') in 0.006495 seconds
  Import took 0.010578 seconds .

========================================================================
Received Import Request.
  Time since last request: 21.240523 seconds.
  path: Assets/Animation Sprites/Basic Outline - Stroke 20px (300ppu).png
  artifactKey: Guid(77f1406987571494bb25d465b4b45b3d) Importer(815301076,1909f56bfc062723c751e8b465ee728b)
Start importing Assets/Animation Sprites/Basic Outline - Stroke 20px (300ppu).png using Guid(77f1406987571494bb25d465b4b45b3d) Importer(815301076,1909f56bfc062723c751e8b465ee728b)  -> (artifact id: '0a5b1a1e6be7859d9a2ab7e39cd6302d') in 0.012762 seconds
  Import took 0.014827 seconds .

========================================================================
Received Import Request.
  Time since last request: 2.822792 seconds.
  path: Assets/Animation Sprites/Basic Outline - Stroke 20px (300ppu).png
  artifactKey: Guid(77f1406987571494bb25d465b4b45b3d) Importer(815301076,1909f56bfc062723c751e8b465ee728b)
Start importing Assets/Animation Sprites/Basic Outline - Stroke 20px (300ppu).png using Guid(77f1406987571494bb25d465b4b45b3d) Importer(815301076,1909f56bfc062723c751e8b465ee728b)  -> (artifact id: '55eddeb7450ac3b3f51e0e1efd45a1ee') in 0.008724 seconds
  Import took 0.010977 seconds .

========================================================================
Received Import Request.
  Time since last request: 25.901802 seconds.
  path: Assets/Animation Sprites/Basic Outline - Stroke 20px (300ppu).png
  artifactKey: Guid(77f1406987571494bb25d465b4b45b3d) Importer(815301076,1909f56bfc062723c751e8b465ee728b)
Start importing Assets/Animation Sprites/Basic Outline - Stroke 20px (300ppu).png using Guid(77f1406987571494bb25d465b4b45b3d) Importer(815301076,1909f56bfc062723c751e8b465ee728b)  -> (artifact id: 'c4ca3a27508089200928446c7dfd8cca') in 0.011449 seconds
  Import took 0.013749 seconds .

========================================================================
Received Import Request.
  Time since last request: 30.021034 seconds.
  path: Assets/Animation Sprites/Basic Outline - Stroke 5px (200ppu).png
  artifactKey: Guid(6982ead081ceb1b4891f5347283f8510) Importer(815301076,1909f56bfc062723c751e8b465ee728b)
Start importing Assets/Animation Sprites/Basic Outline - Stroke 5px (200ppu).png using Guid(6982ead081ceb1b4891f5347283f8510) Importer(815301076,1909f56bfc062723c751e8b465ee728b)  -> (artifact id: 'dbeb58fd9a7f03f6b2c264b4f44abc39') in 0.012295 seconds
  Import took 0.014591 seconds .

========================================================================
Received Import Request.
  Time since last request: 4.072558 seconds.
  path: Assets/Animation Sprites/Basic Outline - Stroke 5px (200ppu).png
  artifactKey: Guid(6982ead081ceb1b4891f5347283f8510) Importer(815301076,1909f56bfc062723c751e8b465ee728b)
Start importing Assets/Animation Sprites/Basic Outline - Stroke 5px (200ppu).png using Guid(6982ead081ceb1b4891f5347283f8510) Importer(815301076,1909f56bfc062723c751e8b465ee728b)  -> (artifact id: '96d275dd3280370718868d025f7e5e7e') in 0.008958 seconds
  Import took 0.011296 seconds .

========================================================================
Received Prepare
Registering precompiled user dll's ...
Registered in 0.000458 seconds.
Begin MonoManager ReloadAssembly
Native extension for WindowsStandalone target not found
Native extension for WebGL target not found
Refreshing native plugins compatible for Editor in 0.21 ms, found 0 plugins.
Preloading 0 native plugins for Editor in 0.00 ms.
Invoked RoslynAnalysisRunner static constructor.
RoslynAnalysisRunner will not be running.
RoslynAnalysisRunner has terminated.
Mono: successfully reloaded assembly
- Completed reload, in  0.630 seconds
Platform modules already initialized, skipping
Refreshing native plugins compatible for Editor in 0.21 ms, found 0 plugins.
Preloading 0 native plugins for Editor in 0.00 ms.
Unloading 1197 Unused Serialized files (Serialized files now loaded: 0)
System memory in use before: 69.6 MB.
System memory in use after: 69.7 MB.

Unloading 4 unused Assets to reduce memory usage. Loaded Objects now: 1770.
Total: 1.168600 ms (FindLiveObjects: 0.112800 ms CreateObjectMapping: 0.029500 ms MarkObjects: 1.014500 ms  DeleteObjects: 0.011000 ms)

========================================================================
Received Import Request.
  Time since last request: 6517.416365 seconds.
  path: Assets/Imagens - psicoeducação - contração muscular
  artifactKey: Guid(170f63e7f1519464e9cb5f2c65db9a06) Importer(815301076,1909f56bfc062723c751e8b465ee728b)
Start importing Assets/Imagens - psicoeducação - contração muscular using Guid(170f63e7f1519464e9cb5f2c65db9a06) Importer(815301076,1909f56bfc062723c751e8b465ee728b)  -> (artifact id: '770d0ad917fab39d67ff27f9e7f5e247') in 0.055780 seconds
  Import took 0.096533 seconds .

========================================================================
Received Import Request.
  Time since last request: 3.526380 seconds.
  path: Assets/Scenes/MainMap.unity
  artifactKey: Guid(f713a902d573e9243800d6cb9b330022) Importer(815301076,1909f56bfc062723c751e8b465ee728b)
Start importing Assets/Scenes/MainMap.unity using Guid(f713a902d573e9243800d6cb9b330022) Importer(815301076,1909f56bfc062723c751e8b465ee728b)  -> (artifact id: 'd48807165de755b23c9b16645435a541') in 0.065937 seconds
  Import took 0.067670 seconds .

========================================================================
Received Import Request.
  Time since last request: 1.673698 seconds.
  path: Assets/Scenes/MainMap.unity
  artifactKey: Guid(f713a902d573e9243800d6cb9b330022) Importer(815301076,1909f56bfc062723c751e8b465ee728b)
Start importing Assets/Scenes/MainMap.unity using Guid(f713a902d573e9243800d6cb9b330022) Importer(815301076,1909f56bfc062723c751e8b465ee728b)  -> (artifact id: 'f34e9294a15c120c53857e61e11805fc') in 0.002384 seconds
  Import took 0.051304 seconds .

========================================================================
Received Prepare
Refreshing native plugins compatible for Editor in 0.60 ms, found 0 plugins.
Preloading 0 native plugins for Editor in 0.00 ms.
Unloading 3 Unused Serialized files (Serialized files now loaded: 0)
System memory in use before: 46.0 MB.
System memory in use after: 46.2 MB.

Unloading 2 unused Assets to reduce memory usage. Loaded Objects now: 1770.
Total: 6.353300 ms (FindLiveObjects: 0.125600 ms CreateObjectMapping: 0.032200 ms MarkObjects: 6.179300 ms  DeleteObjects: 0.014300 ms)

========================================================================
Received Prepare
Registering precompiled user dll's ...
Registered in 0.000885 seconds.
Begin MonoManager ReloadAssembly
Native extension for WindowsStandalone target not found
Native extension for WebGL target not found
Refreshing native plugins compatible for Editor in 0.22 ms, found 0 plugins.
Preloading 0 native plugins for Editor in 0.00 ms.
Invoked RoslynAnalysisRunner static constructor.
RoslynAnalysisRunner will not be running.
RoslynAnalysisRunner has terminated.
Mono: successfully reloaded assembly
- Completed reload, in  0.781 seconds
Platform modules already initialized, skipping
Refreshing native plugins compatible for Editor in 0.21 ms, found 0 plugins.
Preloading 0 native plugins for Editor in 0.00 ms.
Unloading 1197 Unused Serialized files (Serialized files now loaded: 0)
System memory in use before: 69.6 MB.
System memory in use after: 69.7 MB.

Unloading 4 unused Assets to reduce memory usage. Loaded Objects now: 1773.
Total: 1.497100 ms (FindLiveObjects: 0.125700 ms CreateObjectMapping: 0.032600 ms MarkObjects: 1.319800 ms  DeleteObjects: 0.018100 ms)

========================================================================
Received Prepare
Registering precompiled user dll's ...
Registered in 0.000995 seconds.
Begin MonoManager ReloadAssembly
Native extension for WindowsStandalone target not found
Native extension for WebGL target not found
Refreshing native plugins compatible for Editor in 0.21 ms, found 0 plugins.
Preloading 0 native plugins for Editor in 0.00 ms.
Invoked RoslynAnalysisRunner static constructor.
RoslynAnalysisRunner will not be running.
RoslynAnalysisRunner has terminated.
Mono: successfully reloaded assembly
- Completed reload, in  0.662 seconds
Platform modules already initialized, skipping
Refreshing native plugins compatible for Editor in 0.21 ms, found 0 plugins.
Preloading 0 native plugins for Editor in 0.00 ms.
Unloading 1197 Unused Serialized files (Serialized files now loaded: 0)
System memory in use before: 69.6 MB.
System memory in use after: 69.7 MB.

Unloading 4 unused Assets to reduce memory usage. Loaded Objects now: 1776.
Total: 1.427300 ms (FindLiveObjects: 0.172700 ms CreateObjectMapping: 0.059100 ms MarkObjects: 1.178500 ms  DeleteObjects: 0.016100 ms)

========================================================================
Received Prepare
Registering precompiled user dll's ...
Registered in 0.000494 seconds.
Begin MonoManager ReloadAssembly
Native extension for WindowsStandalone target not found
Native extension for WebGL target not found
Refreshing native plugins compatible for Editor in 0.21 ms, found 0 plugins.
Preloading 0 native plugins for Editor in 0.00 ms.
Invoked RoslynAnalysisRunner static constructor.
RoslynAnalysisRunner will not be running.
RoslynAnalysisRunner has terminated.
Mono: successfully reloaded assembly
- Completed reload, in  0.679 seconds
Platform modules already initialized, skipping
Refreshing native plugins compatible for Editor in 0.25 ms, found 0 plugins.
Preloading 0 native plugins for Editor in 0.00 ms.
Unloading 1197 Unused Serialized files (Serialized files now loaded: 0)
System memory in use before: 69.6 MB.
System memory in use after: 69.7 MB.

Unloading 4 unused Assets to reduce memory usage. Loaded Objects now: 1779.
Total: 1.442700 ms (FindLiveObjects: 0.176900 ms CreateObjectMapping: 0.050500 ms MarkObjects: 1.185200 ms  DeleteObjects: 0.028600 ms)

========================================================================
Received Prepare
Registering precompiled user dll's ...
Registered in 0.000654 seconds.
Begin MonoManager ReloadAssembly
Native extension for WindowsStandalone target not found
Native extension for WebGL target not found
Refreshing native plugins compatible for Editor in 0.21 ms, found 0 plugins.
Preloading 0 native plugins for Editor in 0.00 ms.
Invoked RoslynAnalysisRunner static constructor.
RoslynAnalysisRunner will not be running.
RoslynAnalysisRunner has terminated.
Mono: successfully reloaded assembly
- Completed reload, in  0.674 seconds
Platform modules already initialized, skipping
Refreshing native plugins compatible for Editor in 0.21 ms, found 0 plugins.
Preloading 0 native plugins for Editor in 0.00 ms.
Unloading 1197 Unused Serialized files (Serialized files now loaded: 0)
System memory in use before: 69.6 MB.
System memory in use after: 69.7 MB.

Unloading 4 unused Assets to reduce memory usage. Loaded Objects now: 1782.
Total: 1.236400 ms (FindLiveObjects: 0.135900 ms CreateObjectMapping: 0.034100 ms MarkObjects: 1.052800 ms  DeleteObjects: 0.012400 ms)

========================================================================
Received Prepare
Registering precompiled user dll's ...
Registered in 0.000493 seconds.
Begin MonoManager ReloadAssembly
Native extension for WindowsStandalone target not found
Native extension for WebGL target not found
Refreshing native plugins compatible for Editor in 0.21 ms, found 0 plugins.
Preloading 0 native plugins for Editor in 0.00 ms.
Invoked RoslynAnalysisRunner static constructor.
RoslynAnalysisRunner will not be running.
RoslynAnalysisRunner has terminated.
Mono: successfully reloaded assembly
- Completed reload, in  0.683 seconds
Platform modules already initialized, skipping
Refreshing native plugins compatible for Editor in 0.23 ms, found 0 plugins.
Preloading 0 native plugins for Editor in 0.00 ms.
Unloading 1197 Unused Serialized files (Serialized files now loaded: 0)
System memory in use before: 69.6 MB.
System memory in use after: 69.7 MB.

Unloading 4 unused Assets to reduce memory usage. Loaded Objects now: 1785.
Total: 1.519300 ms (FindLiveObjects: 0.144500 ms CreateObjectMapping: 0.037200 ms MarkObjects: 1.308200 ms  DeleteObjects: 0.028400 ms)

========================================================================
Received Prepare
Registering precompiled user dll's ...
Registered in 0.000657 seconds.
Begin MonoManager ReloadAssembly
Native extension for WindowsStandalone target not found
Native extension for WebGL target not found
Refreshing native plugins compatible for Editor in 0.22 ms, found 0 plugins.
Preloading 0 native plugins for Editor in 0.00 ms.
Invoked RoslynAnalysisRunner static constructor.
RoslynAnalysisRunner will not be running.
RoslynAnalysisRunner has terminated.
Mono: successfully reloaded assembly
- Completed reload, in  0.695 seconds
Platform modules already initialized, skipping
Refreshing native plugins compatible for Editor in 0.21 ms, found 0 plugins.
Preloading 0 native plugins for Editor in 0.00 ms.
Unloading 1197 Unused Serialized files (Serialized files now loaded: 0)
System memory in use before: 69.6 MB.
System memory in use after: 69.7 MB.

Unloading 4 unused Assets to reduce memory usage. Loaded Objects now: 1788.
Total: 1.241400 ms (FindLiveObjects: 0.118300 ms CreateObjectMapping: 0.050300 ms MarkObjects: 1.058300 ms  DeleteObjects: 0.013900 ms)

AssetImportWorkerClient::OnTransportError - code=2 error=End of file
