Using pre-set license
Built from '2020.3/release' branch; Version is '2020.3.1f1 (77a89f25062f) revision 7841951'; Using compiler version '192528614'; Build Type 'Release'
OS: 'Windows 10 Pro; OS build 19041.928; Version 2004; 64bit' Language: 'en' Physical Memory: 24506 MB
BatchMode: 1, IsHumanControllingUs: 0, StartBugReporterOnCrash: 0, Is64bit: 1, IsPro: 0

 COMMAND LINE ARGUMENTS:
F:\Progam Files\UnityHub\2020.3.1f1\Editor\Unity.exe
-adb2
-batchMode
-noUpm
-name
AssetImportWorker4
-projectPath
G:/UnityProjects/alienmotion
-logFile
Logs/AssetImportWorker4.log
-srvPort
53519
Successfully changed project path to: G:/UnityProjects/alienmotion
G:/UnityProjects/alienmotion
Using Asset Import Pipeline V2.
Refreshing native plugins compatible for Editor in 25.10 ms, found 0 plugins.
Preloading 0 native plugins for Editor in 0.00 ms.
Initialize engine version: 2020.3.1f1 (77a89f25062f)
[Subsystems] Discovering subsystems at path F:/Progam Files/UnityHub/2020.3.1f1/Editor/Data/Resources/UnitySubsystems
[Subsystems] Discovering subsystems at path G:/UnityProjects/alienmotion/Assets
GfxDevice: creating device client; threaded=0
Direct3D:
    Version:  Direct3D 11.0 [level 11.1]
    Renderer: NVIDIA GeForce GTX 1070 Ti (ID=0x1b82)
    Vendor:   
    VRAM:     8079 MB
    Driver:   27.21.14.6611
Initialize mono
Mono path[0] = 'F:/Progam Files/UnityHub/2020.3.1f1/Editor/Data/Managed'
Mono path[1] = 'F:/Progam Files/UnityHub/2020.3.1f1/Editor/Data/MonoBleedingEdge/lib/mono/unityjit'
Mono config path = 'F:/Progam Files/UnityHub/2020.3.1f1/Editor/Data/MonoBleedingEdge/etc'
Using monoOptions --debugger-agent=transport=dt_socket,embedding=1,server=y,suspend=n,address=127.0.0.1:56892
Begin MonoManager ReloadAssembly
Registering precompiled unity dll's ...
Register platform support module: F:/Progam Files/UnityHub/2020.3.1f1/Editor/Data/PlaybackEngines/WebGLSupport/UnityEditor.WebGL.Extensions.dll
Register platform support module: F:/Progam Files/UnityHub/2020.3.1f1/Editor/Data/PlaybackEngines/WindowsStandaloneSupport/UnityEditor.WindowsStandalone.Extensions.dll
Registered in 0.353652 seconds.
Native extension for WindowsStandalone target not found
Native extension for WebGL target not found
Refreshing native plugins compatible for Editor in 30.07 ms, found 0 plugins.
Preloading 0 native plugins for Editor in 0.00 ms.
Invoked RoslynAnalysisRunner static constructor.
RoslynAnalysisRunner will not be running.
RoslynAnalysisRunner has terminated.
Mono: successfully reloaded assembly
- Completed reload, in  9.104 seconds
Platform modules already initialized, skipping
Registering precompiled user dll's ...
Registered in 0.043580 seconds.
Begin MonoManager ReloadAssembly
Native extension for WindowsStandalone target not found
Native extension for WebGL target not found
Refreshing native plugins compatible for Editor in 0.24 ms, found 0 plugins.
Preloading 0 native plugins for Editor in 0.00 ms.
Invoked RoslynAnalysisRunner static constructor.
RoslynAnalysisRunner will not be running.
RoslynAnalysisRunner has terminated.
Mono: successfully reloaded assembly
- Completed reload, in  0.944 seconds
Platform modules already initialized, skipping
========================================================================
Worker process is ready to serve import requests
Launched and connected shader compiler UnityShaderCompiler.exe after 0.16 seconds
Refreshing native plugins compatible for Editor in 0.24 ms, found 0 plugins.
Preloading 0 native plugins for Editor in 0.00 ms.
Unloading 1198 Unused Serialized files (Serialized files now loaded: 0)
System memory in use before: 67.3 MB.
System memory in use after: 67.3 MB.

Unloading 9 unused Assets to reduce memory usage. Loaded Objects now: 1652.
Total: 2.334000 ms (FindLiveObjects: 0.184100 ms CreateObjectMapping: 0.139600 ms MarkObjects: 1.953500 ms  DeleteObjects: 0.055600 ms)

========================================================================
Received Import Request.
  path: Assets/Scripts/Database/LoginManager.cs
  artifactKey: Guid(ddb382109fa1ca44fb53e89b70968fb1) Importer(815301076,1909f56bfc062723c751e8b465ee728b)
Start importing Assets/Scripts/Database/LoginManager.cs using Guid(ddb382109fa1ca44fb53e89b70968fb1) Importer(815301076,1909f56bfc062723c751e8b465ee728b)  -> (artifact id: '9128c344c0d9dfc17cc7904e83ac1470') in 0.067514 seconds
  Import took 0.070943 seconds .

========================================================================
Received Import Request.
  Time since last request: 24.473327 seconds.
  path: Assets/Scripts/Database/LoginManager.cs
  artifactKey: Guid(ddb382109fa1ca44fb53e89b70968fb1) Importer(815301076,1909f56bfc062723c751e8b465ee728b)
Start importing Assets/Scripts/Database/LoginManager.cs using Guid(ddb382109fa1ca44fb53e89b70968fb1) Importer(815301076,1909f56bfc062723c751e8b465ee728b)  -> (artifact id: '0138d5fdcb3ffe524ce3470acc118f02') in 0.002786 seconds
  Import took 0.005091 seconds .

========================================================================
Received Import Request.
  Time since last request: 1289.380748 seconds.
  path: Assets/Scripts/Database/LoginManager.cs
  artifactKey: Guid(ddb382109fa1ca44fb53e89b70968fb1) Importer(815301076,1909f56bfc062723c751e8b465ee728b)
Start importing Assets/Scripts/Database/LoginManager.cs using Guid(ddb382109fa1ca44fb53e89b70968fb1) Importer(815301076,1909f56bfc062723c751e8b465ee728b)  -> (artifact id: 'ad1f7f6cbab9f0d217516e0b9543147b') in 0.001776 seconds
  Import took 0.003749 seconds .

========================================================================
Received Import Request.
  Time since last request: 0.001983 seconds.
  path: Assets/Scripts/Database/LoginManager.cs
  artifactKey: Guid(ddb382109fa1ca44fb53e89b70968fb1) Importer(815301076,1909f56bfc062723c751e8b465ee728b)
Start importing Assets/Scripts/Database/LoginManager.cs using Guid(ddb382109fa1ca44fb53e89b70968fb1) Importer(815301076,1909f56bfc062723c751e8b465ee728b)  -> (artifact id: 'ad1f7f6cbab9f0d217516e0b9543147b') in 0.002282 seconds
  Import took 0.003924 seconds .

========================================================================
Received Import Request.
  Time since last request: 15.605572 seconds.
  path: Assets/Scripts/Database/LoginManager.cs
  artifactKey: Guid(ddb382109fa1ca44fb53e89b70968fb1) Importer(815301076,1909f56bfc062723c751e8b465ee728b)
Start importing Assets/Scripts/Database/LoginManager.cs using Guid(ddb382109fa1ca44fb53e89b70968fb1) Importer(815301076,1909f56bfc062723c751e8b465ee728b)  -> (artifact id: '998e6d1a9c5c409d531cb2050377acd4') in 0.001950 seconds
  Import took 0.005358 seconds .

========================================================================
Received Import Request.
  Time since last request: 31.174662 seconds.
  path: Assets/Scripts/Database/LoginManager.cs
  artifactKey: Guid(ddb382109fa1ca44fb53e89b70968fb1) Importer(815301076,1909f56bfc062723c751e8b465ee728b)
Start importing Assets/Scripts/Database/LoginManager.cs using Guid(ddb382109fa1ca44fb53e89b70968fb1) Importer(815301076,1909f56bfc062723c751e8b465ee728b)  -> (artifact id: '5614b24e5335f0d885f1b7f72104e15b') in 0.001966 seconds
  Import took 0.005905 seconds .

========================================================================
Received Import Request.
  Time since last request: 9.553239 seconds.
  path: Assets/Scripts/Database/LoginManager.cs
  artifactKey: Guid(ddb382109fa1ca44fb53e89b70968fb1) Importer(815301076,1909f56bfc062723c751e8b465ee728b)
Start importing Assets/Scripts/Database/LoginManager.cs using Guid(ddb382109fa1ca44fb53e89b70968fb1) Importer(815301076,1909f56bfc062723c751e8b465ee728b)  -> (artifact id: '2d9f2d9b778ca7e8fe954b122346a61b') in 0.001373 seconds
  Import took 0.005188 seconds .

========================================================================
Received Import Request.
  Time since last request: 0.000534 seconds.
  path: Assets/Scripts/Database/LoginManager.cs
  artifactKey: Guid(ddb382109fa1ca44fb53e89b70968fb1) Importer(815301076,1909f56bfc062723c751e8b465ee728b)
Start importing Assets/Scripts/Database/LoginManager.cs using Guid(ddb382109fa1ca44fb53e89b70968fb1) Importer(815301076,1909f56bfc062723c751e8b465ee728b)  -> (artifact id: '2d9f2d9b778ca7e8fe954b122346a61b') in 0.002136 seconds
  Import took 0.003620 seconds .

========================================================================
Received Import Request.
  Time since last request: 32.336412 seconds.
  path: Assets/Scripts/Database/LoginManager.cs
  artifactKey: Guid(ddb382109fa1ca44fb53e89b70968fb1) Importer(815301076,1909f56bfc062723c751e8b465ee728b)
Start importing Assets/Scripts/Database/LoginManager.cs using Guid(ddb382109fa1ca44fb53e89b70968fb1) Importer(815301076,1909f56bfc062723c751e8b465ee728b)  -> (artifact id: '2fdf4ffb1e75737e4ccfab7ccb5ee4d0') in 0.002370 seconds
  Import took 0.004433 seconds .

========================================================================
Received Import Request.
  Time since last request: 4.818994 seconds.
  path: Assets/Scripts/Database/LoginManager.cs
  artifactKey: Guid(ddb382109fa1ca44fb53e89b70968fb1) Importer(815301076,1909f56bfc062723c751e8b465ee728b)
Start importing Assets/Scripts/Database/LoginManager.cs using Guid(ddb382109fa1ca44fb53e89b70968fb1) Importer(815301076,1909f56bfc062723c751e8b465ee728b)  -> (artifact id: '507aad05a510b4f5b2845949817d2bf2') in 0.002157 seconds
  Import took 0.005888 seconds .

========================================================================
Received Import Request.
  Time since last request: 0.002618 seconds.
  path: Assets/Scripts/Database/LoginManager.cs
  artifactKey: Guid(ddb382109fa1ca44fb53e89b70968fb1) Importer(815301076,1909f56bfc062723c751e8b465ee728b)
Start importing Assets/Scripts/Database/LoginManager.cs using Guid(ddb382109fa1ca44fb53e89b70968fb1) Importer(815301076,1909f56bfc062723c751e8b465ee728b)  -> (artifact id: '507aad05a510b4f5b2845949817d2bf2') in 0.001519 seconds
  Import took 0.003262 seconds .

========================================================================
Received Prepare
Registering precompiled user dll's ...
Registered in 0.000450 seconds.
Begin MonoManager ReloadAssembly
Native extension for WindowsStandalone target not found
Native extension for WebGL target not found
Refreshing native plugins compatible for Editor in 0.25 ms, found 0 plugins.
Preloading 0 native plugins for Editor in 0.00 ms.
Invoked RoslynAnalysisRunner static constructor.
RoslynAnalysisRunner will not be running.
RoslynAnalysisRunner has terminated.
Mono: successfully reloaded assembly
- Completed reload, in  0.574 seconds
Platform modules already initialized, skipping
Refreshing native plugins compatible for Editor in 0.28 ms, found 0 plugins.
Preloading 0 native plugins for Editor in 0.00 ms.
Unloading 1180 Unused Serialized files (Serialized files now loaded: 0)
System memory in use before: 66.1 MB.
System memory in use after: 66.2 MB.

Unloading 4 unused Assets to reduce memory usage. Loaded Objects now: 1655.
Total: 1.459100 ms (FindLiveObjects: 0.123000 ms CreateObjectMapping: 0.035000 ms MarkObjects: 1.285300 ms  DeleteObjects: 0.014400 ms)

========================================================================
Received Import Request.
  Time since last request: 1227.939412 seconds.
  path: Assets/Scenes/NewLayer.terrainlayer
  artifactKey: Guid(3d2620c3e86a3f341819982fb9c9c502) Importer(815301076,1909f56bfc062723c751e8b465ee728b)
Start importing Assets/Scenes/NewLayer.terrainlayer using Guid(3d2620c3e86a3f341819982fb9c9c502) Importer(815301076,1909f56bfc062723c751e8b465ee728b)  -> (artifact id: '953063a74ca6104f8d9f77036989d17f') in 0.403483 seconds
  Import took 0.407506 seconds .

========================================================================
Received Import Request.
  Time since last request: 1.431755 seconds.
  path: Assets/Scenes/MainMap.unity
  artifactKey: Guid(f713a902d573e9243800d6cb9b330022) Importer(815301076,1909f56bfc062723c751e8b465ee728b)
Start importing Assets/Scenes/MainMap.unity using Guid(f713a902d573e9243800d6cb9b330022) Importer(815301076,1909f56bfc062723c751e8b465ee728b)  -> (artifact id: 'ef50b9cf8b43e19b49902f3fb5246e58') in 0.005322 seconds
  Import took 0.006911 seconds .

========================================================================
Received Prepare
Registering precompiled user dll's ...
Registered in 0.000568 seconds.
Begin MonoManager ReloadAssembly
Native extension for WindowsStandalone target not found
Native extension for WebGL target not found
Refreshing native plugins compatible for Editor in 0.26 ms, found 0 plugins.
Preloading 0 native plugins for Editor in 0.00 ms.
Invoked RoslynAnalysisRunner static constructor.
RoslynAnalysisRunner will not be running.
RoslynAnalysisRunner has terminated.
Mono: successfully reloaded assembly
- Completed reload, in  0.663 seconds
Platform modules already initialized, skipping
Refreshing native plugins compatible for Editor in 0.28 ms, found 0 plugins.
Preloading 0 native plugins for Editor in 0.00 ms.
Unloading 1180 Unused Serialized files (Serialized files now loaded: 0)
System memory in use before: 69.2 MB.
System memory in use after: 69.3 MB.

Unloading 4 unused Assets to reduce memory usage. Loaded Objects now: 1663.
Total: 1.481900 ms (FindLiveObjects: 0.109900 ms CreateObjectMapping: 0.043800 ms MarkObjects: 1.315200 ms  DeleteObjects: 0.012100 ms)

========================================================================
Received Prepare
Registering precompiled user dll's ...
Registered in 0.000497 seconds.
Begin MonoManager ReloadAssembly
Native extension for WindowsStandalone target not found
Native extension for WebGL target not found
Refreshing native plugins compatible for Editor in 0.26 ms, found 0 plugins.
Preloading 0 native plugins for Editor in 0.00 ms.
Invoked RoslynAnalysisRunner static constructor.
RoslynAnalysisRunner will not be running.
RoslynAnalysisRunner has terminated.
Mono: successfully reloaded assembly
- Completed reload, in  0.608 seconds
Platform modules already initialized, skipping
Refreshing native plugins compatible for Editor in 0.26 ms, found 0 plugins.
Preloading 0 native plugins for Editor in 0.00 ms.
Unloading 1180 Unused Serialized files (Serialized files now loaded: 0)
System memory in use before: 69.2 MB.
System memory in use after: 69.3 MB.

Unloading 4 unused Assets to reduce memory usage. Loaded Objects now: 1666.
Total: 1.155900 ms (FindLiveObjects: 0.113400 ms CreateObjectMapping: 0.030700 ms MarkObjects: 1.001400 ms  DeleteObjects: 0.009700 ms)

========================================================================
Received Prepare
Registering precompiled user dll's ...
Registered in 0.003424 seconds.
Begin MonoManager ReloadAssembly
Native extension for WindowsStandalone target not found
Native extension for WebGL target not found
Refreshing native plugins compatible for Editor in 0.27 ms, found 0 plugins.
Preloading 0 native plugins for Editor in 0.00 ms.
Invoked RoslynAnalysisRunner static constructor.
RoslynAnalysisRunner will not be running.
RoslynAnalysisRunner has terminated.
Mono: successfully reloaded assembly
- Completed reload, in  0.792 seconds
Platform modules already initialized, skipping
Refreshing native plugins compatible for Editor in 0.25 ms, found 0 plugins.
Preloading 0 native plugins for Editor in 0.00 ms.
Unloading 1180 Unused Serialized files (Serialized files now loaded: 0)
System memory in use before: 69.2 MB.
System memory in use after: 69.3 MB.

Unloading 4 unused Assets to reduce memory usage. Loaded Objects now: 1669.
Total: 1.387100 ms (FindLiveObjects: 0.127900 ms CreateObjectMapping: 0.034200 ms MarkObjects: 1.209900 ms  DeleteObjects: 0.014200 ms)

========================================================================
Received Prepare
Registering precompiled user dll's ...
Registered in 0.000561 seconds.
Begin MonoManager ReloadAssembly
Native extension for WindowsStandalone target not found
Native extension for WebGL target not found
Refreshing native plugins compatible for Editor in 0.27 ms, found 0 plugins.
Preloading 0 native plugins for Editor in 0.00 ms.
Invoked RoslynAnalysisRunner static constructor.
RoslynAnalysisRunner will not be running.
RoslynAnalysisRunner has terminated.
Mono: successfully reloaded assembly
- Completed reload, in  0.652 seconds
Platform modules already initialized, skipping
Refreshing native plugins compatible for Editor in 0.25 ms, found 0 plugins.
Preloading 0 native plugins for Editor in 0.00 ms.
Unloading 1180 Unused Serialized files (Serialized files now loaded: 0)
System memory in use before: 69.2 MB.
System memory in use after: 69.3 MB.

Unloading 4 unused Assets to reduce memory usage. Loaded Objects now: 1672.
Total: 1.242800 ms (FindLiveObjects: 0.122600 ms CreateObjectMapping: 0.033300 ms MarkObjects: 1.071500 ms  DeleteObjects: 0.014500 ms)

========================================================================
Received Prepare
Registering precompiled user dll's ...
Registered in 0.000530 seconds.
Begin MonoManager ReloadAssembly
Native extension for WindowsStandalone target not found
Native extension for WebGL target not found
Refreshing native plugins compatible for Editor in 0.30 ms, found 0 plugins.
Preloading 0 native plugins for Editor in 0.00 ms.
Invoked RoslynAnalysisRunner static constructor.
RoslynAnalysisRunner will not be running.
RoslynAnalysisRunner has terminated.
Mono: successfully reloaded assembly
- Completed reload, in  0.729 seconds
Platform modules already initialized, skipping
Refreshing native plugins compatible for Editor in 0.25 ms, found 0 plugins.
Preloading 0 native plugins for Editor in 0.00 ms.
Unloading 1180 Unused Serialized files (Serialized files now loaded: 0)
System memory in use before: 69.2 MB.
System memory in use after: 69.3 MB.

Unloading 4 unused Assets to reduce memory usage. Loaded Objects now: 1675.
Total: 1.701900 ms (FindLiveObjects: 0.152400 ms CreateObjectMapping: 0.062100 ms MarkObjects: 1.467400 ms  DeleteObjects: 0.019000 ms)

AssetImportWorkerClient::OnTransportError - code=2 error=End of file
